<?xml version="1.0" encoding="UTF-8"?>
<!-- Generated by org.testng.reporters.JUnitReportReporter -->
<testsuite hostname="DESKTOP-HQT2HP1" failures="0" tests="2" name="windowHandle.CloseAndQuit" time="5.887" errors="0" timestamp="2023-08-03T00:21:52 EDT" skipped="0">
  <testcase classname="windowHandle.CloseAndQuit" name="close" time="1.853"/>
  <system-out/>
  <testcase classname="windowHandle.CloseAndQuit" name="quit" time="4.034"/>
  <system-out/>
</testsuite> <!-- windowHandle.CloseAndQuit -->
