<?xml version="1.0" encoding="UTF-8"?>
<!-- Generated by org.testng.reporters.JUnitReportReporter -->
<testsuite hostname="DESKTOP-HQT2HP1" failures="0" tests="1" name="com.facebook_WebDriverInterface.GetTitleAndURL" time="0.011" errors="0" timestamp="2023-09-19T00:46:56 EDT" skipped="0">
  <testcase classname="com.facebook_WebDriverInterface.GetTitleAndURL" name="homePageTest" time="0.011"/>
  <system-out/>
</testsuite> <!-- com.facebook_WebDriverInterface.GetTitleAndURL -->
