<?xml version="1.0" encoding="UTF-8"?>
<!-- Generated by org.testng.reporters.JUnitReportReporter -->
<testsuite hostname="DESKTOP-HQT2HP1" failures="0" tests="4" name="com.facebook_Locators.DirectLocators" time="5.745" errors="0" timestamp="2023-07-29T14:59:15 EDT" skipped="0">
  <testcase classname="com.facebook_Locators.DirectLocators" name="name" time="1.150"/>
  <system-out/>
  <testcase classname="com.facebook_Locators.DirectLocators" name="linkTest" time="1.402"/>
  <system-out/>
  <testcase classname="com.facebook_Locators.DirectLocators" name="partialLinkTest" time="1.538"/>
  <system-out/>
  <testcase classname="com.facebook_Locators.DirectLocators" name="id" time="1.655"/>
  <system-out/>
</testsuite> <!-- com.facebook_Locators.DirectLocators -->
