<?xml version="1.0" encoding="UTF-8"?>
<!-- Generated by org.testng.reporters.JUnitReportReporter -->
<testsuite hostname="DESKTOP-HQT2HP1" failures="0" tests="1" name="com.facebook_WebDriverInterface.ImplicitWait" time="0.003" errors="0" timestamp="2023-07-27T22:53:39 EDT" skipped="0">
  <testcase classname="com.facebook_WebDriverInterface.ImplicitWait" name="loginTest" time="0.003"/>
  <system-out/>
</testsuite> <!-- com.facebook_WebDriverInterface.ImplicitWait -->
