<?xml version="1.0" encoding="UTF-8"?>
<!-- Generated by org.testng.reporters.JUnitReportReporter -->
<testsuite hostname="DESKTOP-HQT2HP1" failures="0" tests="1" name="windowHandle.MultipleWindows" time="5.109" errors="0" timestamp="2023-08-03T00:25:06 EDT" skipped="0">
  <testcase classname="windowHandle.MultipleWindows" name="parentAndChildWindow" time="5.109"/>
  <system-out/>
</testsuite> <!-- windowHandle.MultipleWindows -->
