<?xml version="1.0" encoding="UTF-8"?>
<!-- Generated by org.testng.reporters.JUnitReportReporter -->
<testsuite hostname="DESKTOP-HQT2HP1" failures="0" tests="1" name="com.facebook_WebDriverInterface.LoginTest" time="0.117" errors="0" timestamp="2023-09-08T22:20:08 EDT" skipped="0">
  <testcase classname="com.facebook_WebDriverInterface.LoginTest" name="loginTest" time="0.117"/>
  <system-out/>
</testsuite> <!-- com.facebook_WebDriverInterface.LoginTest -->
