<?xml version="1.0" encoding="UTF-8"?>
<!-- Generated by org.testng.reporters.JUnitReportReporter -->
<testsuite hostname="DESKTOP-HQT2HP1" failures="0" tests="2" name="com.facebook.FacebookTest" time="2.579" errors="0" timestamp="2023-07-22T14:57:41 EDT" skipped="0">
  <testcase classname="com.facebook.FacebookTest" name="openApplication" time="1.903"/>
  <system-out/>
  <testcase classname="com.facebook.FacebookTest" name="openBrowser" time="0.676"/>
  <system-out/>
</testsuite> <!-- com.facebook.FacebookTest -->
