<?xml version="1.0" encoding="UTF-8"?>
<!-- Generated by org.testng.reporters.JUnitReportReporter -->
<testsuite hostname="DESKTOP-HQT2HP1" failures="0" tests="1" name="com.facebook_WebDriverInterface.Navigation" time="2.127" errors="0" timestamp="2023-07-27T23:15:17 EDT" skipped="0">
  <testcase classname="com.facebook_WebDriverInterface.Navigation" name="linkTest" time="2.127"/>
  <system-out/>
</testsuite> <!-- com.facebook_WebDriverInterface.Navigation -->
