<?xml version="1.0" encoding="UTF-8"?>
<!-- Generated by org.testng.reporters.JUnitReportReporter -->
<testsuite hostname="DESKTOP-HQT2HP1" failures="0" tests="1" name="com.facebook.GetTitleAndUrl" time="0.007" errors="0" timestamp="2023-07-26T23:33:11 EDT" skipped="0">
  <testcase classname="com.facebook.GetTitleAndUrl" name="homeTest" time="0.007"/>
  <system-out/>
</testsuite> <!-- com.facebook.GetTitleAndUrl -->
