<?xml version="1.0" encoding="UTF-8"?>
<!-- Generated by org.testng.reporters.JUnitReportReporter -->
<testsuite hostname="DESKTOP-HQT2HP1" failures="0" tests="1" name="com.facebook.loginTest" time="0.263" errors="0" timestamp="2023-07-26T22:34:06 EDT" skipped="0">
  <testcase classname="com.facebook.loginTest" name="logintTest" time="0.263"/>
  <system-out/>
</testsuite> <!-- com.facebook.loginTest -->
